<?xml version="1.0" encoding="UTF-8"?>
<!-- Generated by org.testng.reporters.JUnitReportReporter -->
<testsuite skipped="0" hostname="chetan-PC" name="com.test.crossbrowsertest.CrossBrowserTest" tests="2" failures="0" timestamp="01 Dec 2018 09:53:58 GMT" time="56.956" errors="0">
  <testcase name="setBrowser" time="15.022" classname="com.test.crossbrowsertest.CrossBrowserTest"/>
  <testcase name="setBrowser" time="41.934" classname="com.test.crossbrowsertest.CrossBrowserTest"/>
</testsuite> <!-- com.test.crossbrowsertest.CrossBrowserTest -->
